build/app/intermediates/manifest_merge_blame_file/debug/manifest-merger-blame-debug-report.txt
1<?xml version="1.0" encoding="utf-8"?>
2<manifest xmlns:android="http://schemas.android.com/apk/res/android"
3    package="com.example.linkedin_clone"
4    android:versionCode="1"
5    android:versionName="1.0.0" >
6
7    <uses-sdk
8        android:minSdkVersion="21"
9        android:targetSdkVersion="34" />
10    <!--
11         The INTERNET permission is required for development. Specifically,
12         the Flutter tool needs it to communicate with the running application
13         to allow setting breakpoints, to provide hot reload, etc.
14    -->
15    <uses-permission android:name="android.permission.INTERNET" />
15-->src\debug\AndroidManifest.xml:6:5-66
15-->src\debug\AndroidManifest.xml:6:22-64
16    <!--
17     Required to query activities that can process text, see:
18         https://developer.android.com/training/package-visibility and
19         https://developer.android.com/reference/android/content/Intent#ACTION_PROCESS_TEXT.
20
21         In particular, this is used by the Flutter engine in io.flutter.plugin.text.ProcessTextPlugin.
22    -->
23    <queries>
23-->src\main\AndroidManifest.xml:39:5-44:15
24        <intent>
24-->src\main\AndroidManifest.xml:40:9-43:18
25            <action android:name="android.intent.action.PROCESS_TEXT" />
25-->src\main\AndroidManifest.xml:41:13-72
25-->src\main\AndroidManifest.xml:41:21-70
26
27            <data android:mimeType="text/plain" />
27-->src\main\AndroidManifest.xml:42:13-50
27-->src\main\AndroidManifest.xml:42:19-48
28        </intent>
29    </queries>
30
31    <uses-permission android:name="android.permission.CAMERA" />
31-->[:camera_android] AndroidManifest.xml:9:5-65
31-->[:camera_android] AndroidManifest.xml:9:22-62
32    <uses-permission android:name="android.permission.RECORD_AUDIO" />
32-->[:camera_android] AndroidManifest.xml:10:5-71
32-->[:camera_android] AndroidManifest.xml:10:22-68
33
34    <permission
34-->[androidx.core:core:1.10.1] AndroidManifest.xml:22:5-24:47
35        android:name="com.example.linkedin_clone.DYNAMIC_RECEIVER_NOT_EXPORTED_PERMISSION"
35-->[androidx.core:core:1.10.1] AndroidManifest.xml:23:9-81
36        android:protectionLevel="signature" />
36-->[androidx.core:core:1.10.1] AndroidManifest.xml:24:9-44
37
38    <uses-permission android:name="com.example.linkedin_clone.DYNAMIC_RECEIVER_NOT_EXPORTED_PERMISSION" />
38-->[androidx.core:core:1.10.1] AndroidManifest.xml:26:5-97
38-->[androidx.core:core:1.10.1] AndroidManifest.xml:26:22-94
39
40    <application
41        android:name="android.app.Application"
42        android:appComponentFactory="androidx.core.app.CoreComponentFactory"
42-->[androidx.core:core:1.10.1] AndroidManifest.xml:28:18-86
43        android:debuggable="true"
44        android:icon="@mipmap/ic_launcher"
45        android:label="Luxury Guide" >
46        <activity
47            android:name="com.example.linkedin_clone.MainActivity"
48            android:configChanges="orientation|keyboardHidden|keyboard|screenSize|smallestScreenSize|locale|layoutDirection|fontScale|screenLayout|density|uiMode"
49            android:exported="true"
50            android:hardwareAccelerated="true"
51            android:launchMode="singleTop"
52            android:taskAffinity=""
53            android:theme="@style/LaunchTheme"
54            android:windowSoftInputMode="adjustResize" >
55
56            <!--
57                 Specifies an Android theme to apply to this Activity as soon as
58                 the Android process has started. This theme is visible to the user
59                 while the Flutter UI initializes. After that, this theme continues
60                 to determine the Window background behind the Flutter UI.
61            -->
62            <meta-data
63                android:name="io.flutter.embedding.android.NormalTheme"
64                android:resource="@style/NormalTheme" />
65
66            <intent-filter>
67                <action android:name="android.intent.action.MAIN" />
68
69                <category android:name="android.intent.category.LAUNCHER" />
70            </intent-filter>
71        </activity>
72        <!--
73             Don't delete the meta-data below.
74             This is used by the Flutter tool to generate GeneratedPluginRegistrant.java
75        -->
76        <meta-data
77            android:name="flutterEmbedding"
78            android:value="2" />
79
80        <provider
80-->[:image_picker_android] AndroidManifest.xml:11:9-19:20
81            android:name="io.flutter.plugins.imagepicker.ImagePickerFileProvider"
81-->[:image_picker_android] AndroidManifest.xml:12:13-82
82            android:authorities="com.example.linkedin_clone.flutter.image_provider"
82-->[:image_picker_android] AndroidManifest.xml:13:13-74
83            android:exported="false"
83-->[:image_picker_android] AndroidManifest.xml:14:13-37
84            android:grantUriPermissions="true" >
84-->[:image_picker_android] AndroidManifest.xml:15:13-47
85            <meta-data
85-->[:image_picker_android] AndroidManifest.xml:16:13-18:75
86                android:name="android.support.FILE_PROVIDER_PATHS"
86-->[:image_picker_android] AndroidManifest.xml:17:17-67
87                android:resource="@xml/flutter_image_picker_file_paths" />
87-->[:image_picker_android] AndroidManifest.xml:18:17-72
88        </provider> <!-- Trigger Google Play services to install the backported photo picker module. -->
89        <service
89-->[:image_picker_android] AndroidManifest.xml:21:9-33:19
90            android:name="com.google.android.gms.metadata.ModuleDependencies"
90-->[:image_picker_android] AndroidManifest.xml:22:13-78
91            android:enabled="false"
91-->[:image_picker_android] AndroidManifest.xml:23:13-36
92            android:exported="false" >
92-->[:image_picker_android] AndroidManifest.xml:24:13-37
93            <intent-filter>
93-->[:image_picker_android] AndroidManifest.xml:26:13-28:29
94                <action android:name="com.google.android.gms.metadata.MODULE_DEPENDENCIES" />
94-->[:image_picker_android] AndroidManifest.xml:27:17-94
94-->[:image_picker_android] AndroidManifest.xml:27:25-91
95            </intent-filter>
96
97            <meta-data
97-->[:image_picker_android] AndroidManifest.xml:30:13-32:36
98                android:name="photopicker_activity:0:required"
98-->[:image_picker_android] AndroidManifest.xml:31:17-63
99                android:value="" />
99-->[:image_picker_android] AndroidManifest.xml:32:17-33
100        </service>
101
102        <activity
102-->[:url_launcher_android] AndroidManifest.xml:10:9-13:74
103            android:name="io.flutter.plugins.urllauncher.WebViewActivity"
103-->[:url_launcher_android] AndroidManifest.xml:11:13-74
104            android:exported="false"
104-->[:url_launcher_android] AndroidManifest.xml:12:13-37
105            android:theme="@android:style/Theme.NoTitleBar.Fullscreen" />
105-->[:url_launcher_android] AndroidManifest.xml:13:13-71
106
107        <uses-library
107-->[androidx.window:window:1.0.0-beta04] AndroidManifest.xml:25:9-27:40
108            android:name="androidx.window.extensions"
108-->[androidx.window:window:1.0.0-beta04] AndroidManifest.xml:26:13-54
109            android:required="false" />
109-->[androidx.window:window:1.0.0-beta04] AndroidManifest.xml:27:13-37
110        <uses-library
110-->[androidx.window:window:1.0.0-beta04] AndroidManifest.xml:28:9-30:40
111            android:name="androidx.window.sidecar"
111-->[androidx.window:window:1.0.0-beta04] AndroidManifest.xml:29:13-51
112            android:required="false" />
112-->[androidx.window:window:1.0.0-beta04] AndroidManifest.xml:30:13-37
113
114        <provider
114-->[androidx.profileinstaller:profileinstaller:1.3.0] AndroidManifest.xml:24:9-32:20
115            android:name="androidx.startup.InitializationProvider"
115-->[androidx.profileinstaller:profileinstaller:1.3.0] AndroidManifest.xml:25:13-67
116            android:authorities="com.example.linkedin_clone.androidx-startup"
116-->[androidx.profileinstaller:profileinstaller:1.3.0] AndroidManifest.xml:26:13-68
117            android:exported="false" >
117-->[androidx.profileinstaller:profileinstaller:1.3.0] AndroidManifest.xml:27:13-37
118            <meta-data
118-->[androidx.profileinstaller:profileinstaller:1.3.0] AndroidManifest.xml:29:13-31:52
119                android:name="androidx.profileinstaller.ProfileInstallerInitializer"
119-->[androidx.profileinstaller:profileinstaller:1.3.0] AndroidManifest.xml:30:17-85
120                android:value="androidx.startup" />
120-->[androidx.profileinstaller:profileinstaller:1.3.0] AndroidManifest.xml:31:17-49
121        </provider>
122
123        <receiver
123-->[androidx.profileinstaller:profileinstaller:1.3.0] AndroidManifest.xml:34:9-52:20
124            android:name="androidx.profileinstaller.ProfileInstallReceiver"
124-->[androidx.profileinstaller:profileinstaller:1.3.0] AndroidManifest.xml:35:13-76
125            android:directBootAware="false"
125-->[androidx.profileinstaller:profileinstaller:1.3.0] AndroidManifest.xml:36:13-44
126            android:enabled="true"
126-->[androidx.profileinstaller:profileinstaller:1.3.0] AndroidManifest.xml:37:13-35
127            android:exported="true"
127-->[androidx.profileinstaller:profileinstaller:1.3.0] AndroidManifest.xml:38:13-36
128            android:permission="android.permission.DUMP" >
128-->[androidx.profileinstaller:profileinstaller:1.3.0] AndroidManifest.xml:39:13-57
129            <intent-filter>
129-->[androidx.profileinstaller:profileinstaller:1.3.0] AndroidManifest.xml:40:13-42:29
130                <action android:name="androidx.profileinstaller.action.INSTALL_PROFILE" />
130-->[androidx.profileinstaller:profileinstaller:1.3.0] AndroidManifest.xml:41:17-91
130-->[androidx.profileinstaller:profileinstaller:1.3.0] AndroidManifest.xml:41:25-88
131            </intent-filter>
132            <intent-filter>
132-->[androidx.profileinstaller:profileinstaller:1.3.0] AndroidManifest.xml:43:13-45:29
133                <action android:name="androidx.profileinstaller.action.SKIP_FILE" />
133-->[androidx.profileinstaller:profileinstaller:1.3.0] AndroidManifest.xml:44:17-85
133-->[androidx.profileinstaller:profileinstaller:1.3.0] AndroidManifest.xml:44:25-82
134            </intent-filter>
135            <intent-filter>
135-->[androidx.profileinstaller:profileinstaller:1.3.0] AndroidManifest.xml:46:13-48:29
136                <action android:name="androidx.profileinstaller.action.SAVE_PROFILE" />
136-->[androidx.profileinstaller:profileinstaller:1.3.0] AndroidManifest.xml:47:17-88
136-->[androidx.profileinstaller:profileinstaller:1.3.0] AndroidManifest.xml:47:25-85
137            </intent-filter>
138            <intent-filter>
138-->[androidx.profileinstaller:profileinstaller:1.3.0] AndroidManifest.xml:49:13-51:29
139                <action android:name="androidx.profileinstaller.action.BENCHMARK_OPERATION" />
139-->[androidx.profileinstaller:profileinstaller:1.3.0] AndroidManifest.xml:50:17-95
139-->[androidx.profileinstaller:profileinstaller:1.3.0] AndroidManifest.xml:50:25-92
140            </intent-filter>
141        </receiver>
142    </application>
143
144</manifest>